[    0.000000] Linux version 4.15.0-212-generic (buildd@lcy02-amd64-083) (gcc version 7.5.0 (Ubuntu 7.5.0-3ubuntu1~18.04)) #223-Ubuntu SMP Tue May 23 13:09:22 UTC 2023 (Ubuntu 4.15.0-212.223-generic 4.15.18)
[    0.000000] Command line: BOOT_IMAGE=/boot/vmlinuz-4.15.0-212-generic root=LABEL=cloudimg-rootfs ro console=tty1 console=ttyS0
[    0.000000] KERNEL supported cpus:
[    0.000000]   Intel GenuineIntel
[    0.000000]   AMD AuthenticAMD
[    0.000000]   Centaur CentaurHauls
[    0.000000] x86/fpu: x87 FPU will use FXSAVE
[    0.000000] e820: BIOS-provided physical RAM map:
[    0.000000] BIOS-e820: [mem 0x0000000000000000-0x000000000009fbff] usable
[    0.000000] BIOS-e820: [mem 0x000000000009fc00-0x000000000009ffff] reserved
[    0.000000] BIOS-e820: [mem 0x00000000000f0000-0x00000000000fffff] reserved
[    0.000000] BIOS-e820: [mem 0x0000000000100000-0x000000003ffeffff] usable
[    0.000000] BIOS-e820: [mem 0x000000003fff0000-0x000000003fffffff] ACPI data
[    0.000000] BIOS-e820: [mem 0x00000000fec00000-0x00000000fec00fff] reserved
[    0.000000] BIOS-e820: [mem 0x00000000fee00000-0x00000000fee00fff] reserved
[    0.000000] BIOS-e820: [mem 0x00000000fffc0000-0x00000000ffffffff] reserved
[    0.000000] NX (Execute Disable) protection: active
[    0.000000] SMBIOS 2.5 present.
[    0.000000] DMI: innotek GmbH VirtualBox/VirtualBox, BIOS VirtualBox 12/01/2006
[    0.000000] Hypervisor detected: KVM
[    0.000000] e820: last_pfn = 0x3fff0 max_arch_pfn = 0x400000000
[    0.000000] MTRR: Disabled
[    0.000000] x86/PAT: MTRRs disabled, skipping PAT initialization too.
[    0.000000] CPU MTRRs all blank - virtualized system.
[    0.000000] x86/PAT: Configuration [0-7]: WB  WT  UC- UC  WB  WT  UC- UC  
[    0.000000] found SMP MP-table at [mem 0x0009fff0-0x0009ffff]
[    0.000000] Scanning 1 areas for low memory corruption
[    0.000000] RAMDISK: [mem 0x359cb000-0x36cdcfff]
[    0.000000] ACPI: Early table checksum verification disabled
[    0.000000] ACPI: RSDP 0x00000000000E0000 000024 (v02 VBOX  )
[    0.000000] ACPI: XSDT 0x000000003FFF0030 00003C (v01 VBOX   VBOXXSDT 00000001 ASL  00000061)
[    0.000000] ACPI: FACP 0x000000003FFF00F0 0000F4 (v04 VBOX   VBOXFACP 00000001 ASL  00000061)
[    0.000000] ACPI: DSDT 0x000000003FFF0610 002353 (v02 VBOX   VBOXBIOS 00000002 INTL 20100528)
[    0.000000] ACPI: FACS 0x000000003FFF0200 000040
[    0.000000] ACPI: FACS 0x000000003FFF0200 000040
[    0.000000] ACPI: APIC 0x000000003FFF0240 00005C (v02 VBOX   VBOXAPIC 00000001 ASL  00000061)
[    0.000000] ACPI: SSDT 0x000000003FFF02A0 00036C (v01 VBOX   VBOXCPUT 00000002 INTL 20100528)
[    0.000000] ACPI: Reserving FACP table memory at [mem 0x3fff00f0-0x3fff01e3]
[    0.000000] ACPI: Reserving DSDT table memory at [mem 0x3fff0610-0x3fff2962]
[    0.000000] ACPI: Reserving FACS table memory at [mem 0x3fff0200-0x3fff023f]
[    0.000000] ACPI: Reserving FACS table memory at [mem 0x3fff0200-0x3fff023f]
[    0.000000] ACPI: Reserving APIC table memory at [mem 0x3fff0240-0x3fff029b]
[    0.000000] ACPI: Reserving SSDT table memory at [mem 0x3fff02a0-0x3fff060b]
[    0.000000] No NUMA configuration found
[    0.000000] Faking a node at [mem 0x0000000000000000-0x000000003ffeffff]
[    0.000000] NODE_DATA(0) allocated [mem 0x3ffc5000-0x3ffeffff]
[    0.000000] kvm-clock: cpu 0, msr 0:3ff44001, primary cpu clock
[    0.000000] kvm-clock: Using msrs 4b564d01 and 4b564d00
[    0.000000] kvm-clock: using sched offset of 4257442764 cycles
[    0.000000] clocksource: kvm-clock: mask: 0xffffffffffffffff max_cycles: 0x1cd42e4dffb, max_idle_ns: 881590591483 ns
[    0.000000] Zone ranges:
[    0.000000]   DMA      [mem 0x0000000000001000-0x0000000000ffffff]
[    0.000000]   DMA32    [mem 0x0000000001000000-0x000000003ffeffff]
[    0.000000]   Normal   empty
[    0.000000]   Device   empty
[    0.000000] Movable zone start for each node
[    0.000000] Early memory node ranges
[    0.000000]   node   0: [mem 0x0000000000001000-0x000000000009efff]
[    0.000000]   node   0: [mem 0x0000000000100000-0x000000003ffeffff]
[    0.000000] Reserved but unavailable: 104 pages
[    0.000000] Initmem setup node 0 [mem 0x0000000000001000-0x000000003ffeffff]
[    0.000000] ACPI: PM-Timer IO Port: 0x4008
[    0.000000] IOAPIC[0]: apic_id 2, version 32, address 0xfec00000, GSI 0-23
[    0.000000] ACPI: INT_SRC_OVR (bus 0 bus_irq 0 global_irq 2 dfl dfl)
[    0.000000] ACPI: INT_SRC_OVR (bus 0 bus_irq 9 global_irq 9 low level)
[    0.000000] Using ACPI (MADT) for SMP configuration information
[    0.000000] smpboot: Allowing 2 CPUs, 0 hotplug CPUs
[    0.000000] PM: Registered nosave memory: [mem 0x00000000-0x00000fff]
[    0.000000] PM: Registered nosave memory: [mem 0x0009f000-0x0009ffff]
[    0.000000] PM: Registered nosave memory: [mem 0x000a0000-0x000effff]
[    0.000000] PM: Registered nosave memory: [mem 0x000f0000-0x000fffff]
[    0.000000] e820: [mem 0x40000000-0xfebfffff] available for PCI devices
[    0.000000] Booting paravirtualized kernel on KVM
[    0.000000] clocksource: refined-jiffies: mask: 0xffffffff max_cycles: 0xffffffff, max_idle_ns: 7645519600211568 ns
[    0.000000] setup_percpu: NR_CPUS:8192 nr_cpumask_bits:2 nr_cpu_ids:2 nr_node_ids:1
[    0.000000] percpu: Embedded 50 pages/cpu s167936 r8192 d28672 u1048576
[    0.000000] PV qspinlock hash table entries: 256 (order: 0, 4096 bytes)
[    0.000000] Built 1 zonelists, mobility grouping on.  Total pages: 257913
[    0.000000] Policy zone: DMA32
[    0.000000] Kernel command line: BOOT_IMAGE=/boot/vmlinuz-4.15.0-212-generic root=LABEL=cloudimg-rootfs ro console=tty1 console=ttyS0
[    0.000000] Memory: 982644K/1048120K available (12300K kernel code, 2477K rwdata, 4324K rodata, 2480K init, 2720K bss, 65476K reserved, 0K cma-reserved)
[    0.000000] SLUB: HWalign=64, Order=0-3, MinObjects=0, CPUs=2, Nodes=1
[    0.000000] ftrace: allocating 39508 entries in 155 pages
[    0.004000] Hierarchical RCU implementation.
[    0.004000] 	RCU restricting CPUs from NR_CPUS=8192 to nr_cpu_ids=2.
[    0.004000] 	Tasks RCU enabled.
[    0.004000] RCU: Adjusting geometry for rcu_fanout_leaf=16, nr_cpu_ids=2
[    0.004000] NR_IRQS: 524544, nr_irqs: 440, preallocated irqs: 16
[    0.004000] random: crng init done
[    0.004000] Console: colour VGA+ 80x25
[    0.004000] console [tty1] enabled
[    0.004000] console [ttyS0] enabled
[    0.004000] ACPI: Core revision 20170831
[    0.004000] ACPI: 2 ACPI AML tables successfully acquired and loaded
[    0.004000] APIC: Switch to symmetric I/O mode setup
[    0.004000] ..TIMER: vector=0x30 apic1=0 pin1=2 apic2=-1 pin2=-1
[    0.004012] tsc: Detected 2495.998 MHz processor
[    0.008021] Calibrating delay loop (skipped) preset value.. 4991.99 BogoMIPS (lpj=9983992)
[    0.012008] pid_max: default: 32768 minimum: 301
[    0.016127] Security Framework initialized
[    0.020008] Yama: becoming mindful.
[    0.024152] AppArmor: AppArmor initialized
[    0.036872] Dentry cache hash table entries: 131072 (order: 8, 1048576 bytes)
[    0.046032] Inode-cache hash table entries: 65536 (order: 7, 524288 bytes)
[    0.048121] Mount-cache hash table entries: 2048 (order: 2, 16384 bytes)
[    0.052116] Mountpoint-cache hash table entries: 2048 (order: 2, 16384 bytes)
[    0.058079] Last level iTLB entries: 4KB 0, 2MB 0, 4MB 0
[    0.060009] Last level dTLB entries: 4KB 0, 2MB 0, 4MB 0, 1GB 0
[    0.064000] Spectre V1 : Mitigation: usercopy/swapgs barriers and __user pointer sanitization
[    0.064008] Spectre V2 : Mitigation: Enhanced IBRS
[    0.068008] Spectre V2 : Spectre v2 / SpectreRSB mitigation: Filling RSB on context switch
[    0.072006] Spectre V2 : Spectre v2 / PBRSB-eIBRS: Retire a single CALL on VMEXIT
[    0.076008] RETBleed: Mitigation: Enhanced IBRS
[    0.080010] Speculative Store Bypass: Vulnerable
[    0.084378] Freeing SMP alternatives memory: 36K
[    0.218098] APIC calibration not consistent with PM-Timer: 102ms instead of 100ms
[    0.220000] APIC delta adjusted to PM-Timer: 6456981 (6604267)
[    0.220497] smpboot: CPU0: 12th Gen Intel(R) Core(TM) i5-1235U (family: 0x6, model: 0x9a, stepping: 0x4)
[    0.224398] Performance Events: unsupported p6 CPU model 154 no PMU driver, software events only.
[    0.228120] Hierarchical SRCU implementation.
[    0.232499] NMI watchdog: Perf event create on CPU 0 failed with -2
[    0.236006] NMI watchdog: Perf NMI watchdog permanently disabled
[    0.240464] smp: Bringing up secondary CPUs ...
[    0.248128] x86: Booting SMP configuration:
[    0.252005] .... node  #0, CPUs:      #1
[    0.004000] kvm-clock: cpu 1, msr 0:3ff44041, secondary cpu clock
[    0.276000] TSC synchronization [CPU#0 -> CPU#1]:
[    0.276000] Measured 103288 cycles TSC warp between CPUs, turning off TSC clock.
[    0.276000] tsc: Marking TSC unstable due to check_tsc_sync_source failed
[    0.284471] smp: Brought up 1 node, 2 CPUs
[    0.288012] smpboot: Max logical packages: 1
[    0.292010] smpboot: Total of 2 processors activated (9983.99 BogoMIPS)
[    0.300005] devtmpfs: initialized
[    0.304172] x86/mm: Memory block size: 128MB
[    0.312606] evm: security.selinux
[    0.316185] evm: security.SMACK64
[    0.320008] evm: security.SMACK64EXEC
[    0.324005] evm: security.SMACK64TRANSMUTE
[    0.328006] evm: security.SMACK64MMAP
[    0.332005] evm: security.apparmor
[    0.336005] evm: security.ima
[    0.340005] evm: security.capability
[    0.348863] clocksource: jiffies: mask: 0xffffffff max_cycles: 0xffffffff, max_idle_ns: 7645041785100000 ns
[    0.352012] futex hash table entries: 512 (order: 3, 32768 bytes)
[    0.356326] pinctrl core: initialized pinctrl subsystem
[    0.360817] RTC time:  0:55:08, date: 08/12/24
[    0.365994] NET: Registered protocol family 16
[    0.368198] audit: initializing netlink subsys (disabled)
[    0.376337] audit: type=2000 audit(1723424113.819:1): state=initialized audit_enabled=0 res=1
[    0.392015] cpuidle: using governor ladder
[    0.396021] cpuidle: using governor menu
[    0.400154] ACPI: bus type PCI registered
[    0.404007] acpiphp: ACPI Hot Plug PCI Controller Driver version: 0.5
[    0.412253] PCI: Using configuration type 1 for base access
[    0.428287] HugeTLB registered 2.00 MiB page size, pre-allocated 0 pages
[    0.444506] ACPI: Added _OSI(Module Device)
[    0.448007] ACPI: Added _OSI(Processor Device)
[    0.456007] ACPI: Added _OSI(3.0 _SCP Extensions)
[    0.464009] ACPI: Added _OSI(Processor Aggregator Device)
[    0.468009] ACPI: Added _OSI(Linux-Dell-Video)
[    0.476008] ACPI: Added _OSI(Linux-Lenovo-NV-HDMI-Audio)
[    0.484011] ACPI: Added _OSI(Linux-HPI-Hybrid-Graphics)
[    0.493438] ACPI: Executed 1 blocks of module-level executable AML code
[    0.512574] ACPI: Interpreter enabled
[    0.516028] ACPI: (supports S0 S5)
[    0.524007] ACPI: Using IOAPIC for interrupt routing
[    0.532649] PCI: Using host bridge windows from ACPI; if necessary, use "pci=nocrs" and report a bug
[    0.544426] ACPI: Enabled 2 GPEs in block 00 to 07
[    0.568137] ACPI: PCI Root Bridge [PCI0] (domain 0000 [bus 00-ff])
[    0.576017] acpi PNP0A03:00: _OSC: OS supports [ASPM ClockPM Segments MSI]
[    0.584523] acpi PNP0A03:00: _OSC: not requesting OS control; OS requires [ExtendedConfig ASPM ClockPM MSI]
[    0.596031] acpi PNP0A03:00: fail to add MMCONFIG information, can't access extended PCI configuration space under this bridge.
[    0.613671] PCI host bridge to bus 0000:00
[    0.620011] pci_bus 0000:00: root bus resource [io  0x0000-0x0cf7 window]
[    0.628010] pci_bus 0000:00: root bus resource [io  0x0d00-0xffff window]
[    0.636008] pci_bus 0000:00: root bus resource [mem 0x000a0000-0x000bffff window]
[    0.648011] pci_bus 0000:00: root bus resource [mem 0x40000000-0xfdffffff window]
[    0.660011] pci_bus 0000:00: root bus resource [bus 00-ff]
[    0.675852] pci 0000:00:01.1: legacy IDE quirk: reg 0x10: [io  0x01f0-0x01f7]
[    0.684008] pci 0000:00:01.1: legacy IDE quirk: reg 0x14: [io  0x03f6]
[    0.692013] pci 0000:00:01.1: legacy IDE quirk: reg 0x18: [io  0x0170-0x0177]
[    0.704011] pci 0000:00:01.1: legacy IDE quirk: reg 0x1c: [io  0x0376]
[    0.749107] pci 0000:00:07.0: quirk: [io  0x4000-0x403f] claimed by PIIX4 ACPI
[    0.756065] pci 0000:00:07.0: quirk: [io  0x4100-0x410f] claimed by PIIX4 SMB
[    0.786191] ACPI: PCI Interrupt Link [LNKA] (IRQs 5 9 10 *11)
[    0.793014] ACPI: PCI Interrupt Link [LNKB] (IRQs 5 9 *10 11)
[    0.804328] ACPI: PCI Interrupt Link [LNKC] (IRQs 5 *9 10 11)
[    0.812490] ACPI: PCI Interrupt Link [LNKD] (IRQs 5 9 10 *11)
[    0.821562] SCSI subsystem initialized
[    0.832256] pci 0000:00:02.0: vgaarb: setting as boot VGA device
[    0.836000] pci 0000:00:02.0: vgaarb: VGA device added: decodes=io+mem,owns=io+mem,locks=none
[    0.856020] pci 0000:00:02.0: vgaarb: bridge control possible
[    0.868016] vgaarb: loaded
[    0.872069] ACPI: bus type USB registered
[    0.880143] usbcore: registered new interface driver usbfs
[    0.888030] usbcore: registered new interface driver hub
[    0.896027] usbcore: registered new device driver usb
[    0.908166] EDAC MC: Ver: 3.0.0
[    0.917275] PCI: Using ACPI for IRQ routing
[    0.928907] NetLabel: Initializing
[    0.936005] NetLabel:  domain hash size = 128
[    0.944004] NetLabel:  protocols = UNLABELED CIPSOv4 CALIPSO
[    0.952240] NetLabel:  unlabeled traffic allowed by default
[    0.964020] clocksource: Switched to clocksource kvm-clock
[    1.032151] VFS: Disk quotas dquot_6.6.0
[    1.041977] VFS: Dquot-cache hash table entries: 512 (order 0, 4096 bytes)
[    1.050902] AppArmor: AppArmor Filesystem Enabled
[    1.059426] pnp: PnP ACPI init
[    1.066883] pnp: PnP ACPI: found 3 devices
[    1.082213] clocksource: acpi_pm: mask: 0xffffff max_cycles: 0xffffff, max_idle_ns: 2085701024 ns
[    1.095276] NET: Registered protocol family 2
[    1.102884] IP idents hash table entries: 16384 (order: 5, 131072 bytes)
[    1.112879] TCP established hash table entries: 8192 (order: 4, 65536 bytes)
[    1.123435] TCP bind hash table entries: 8192 (order: 5, 131072 bytes)
[    1.133012] TCP: Hash tables configured (established 8192 bind 8192)
[    1.143183] UDP hash table entries: 512 (order: 2, 16384 bytes)
[    1.151359] UDP-Lite hash table entries: 512 (order: 2, 16384 bytes)
[    1.156725] NET: Registered protocol family 1
[    1.161916] pci 0000:00:00.0: Limiting direct PCI/PCI transfers
[    1.167770] pci 0000:00:01.0: Activating ISA DMA hang workarounds
[    1.172998] pci 0000:00:02.0: Video device with shadowed ROM at [mem 0x000c0000-0x000dffff]
[    1.188665] Unpacking initramfs...
[    1.226586] Freeing initrd memory: 19528K
[    2.053620] clocksource: tsc: mask: 0xffffffffffffffff max_cycles: 0x23fa754787d, max_idle_ns: 440795210092 ns
[    2.071792] platform rtc_cmos: registered platform RTC device (no PNP device found)
[    2.082598] Scanning for low memory corruption every 60 seconds
[    2.094696] Initialise system trusted keyrings
[    2.100220] Key type blacklist registered
[    2.108938] workingset: timestamp_bits=36 max_order=18 bucket_order=0
[    2.126126] zbud: loaded
[    2.136343] squashfs: version 4.0 (2009/01/31) Phillip Lougher
[    2.146690] fuse init (API version 7.26)
[    2.185368] Key type asymmetric registered
[    2.190986] Asymmetric key parser 'x509' registered
[    2.198866] Block layer SCSI generic (bsg) driver version 0.4 loaded (major 246)
[    2.209912] io scheduler noop registered
[    2.215767] io scheduler deadline registered
[    2.222637] io scheduler cfq registered (default)
[    2.229933] ACPI: AC Adapter [AC] (off-line)
[    2.236183] input: Power Button as /devices/LNXSYSTM:00/LNXPWRBN:00/input/input0
[    2.243182] ACPI: Power Button [PWRF]
[    2.248366] input: Sleep Button as /devices/LNXSYSTM:00/LNXSLPBN:00/input/input1
[    2.255221] ACPI: Sleep Button [SLPF]
[    2.260650] Serial: 8250/16550 driver, 32 ports, IRQ sharing enabled
[    2.261867] ACPI: Battery Slot [BAT0] (battery present)
[    2.301579] 00:02: ttyS0 at I/O 0x3f8 (irq = 4, base_baud = 115200) is a 16550A
[    2.310233] Linux agpgart interface v0.103
[    2.323012] loop: module loaded
[    2.339112] scsi host0: ata_piix
[    2.346293] scsi host1: ata_piix
[    2.351741] ata1: PATA max UDMA/33 cmd 0x1f0 ctl 0x3f6 bmdma 0xd000 irq 14
[    2.361751] ata2: PATA max UDMA/33 cmd 0x170 ctl 0x376 bmdma 0xd008 irq 15
[    2.374075] tun: Universal TUN/TAP device driver, 1.6
[    2.384308] PPP generic driver version 2.4.2
[    2.390544] ehci_hcd: USB 2.0 'Enhanced' Host Controller (EHCI) Driver
[    2.398527] ehci-pci: EHCI PCI platform driver
[    2.405147] ehci-platform: EHCI generic platform driver
[    2.412783] ohci_hcd: USB 1.1 'Open' Host Controller (OHCI) Driver
[    2.421768] ohci-pci: OHCI PCI platform driver
[    2.429416] ohci-platform: OHCI generic platform driver
[    2.436794] uhci_hcd: USB Universal Host Controller Interface driver
[    2.448721] i8042: PNP: PS/2 Controller [PNP0303:PS2K,PNP0f03:PS2M] at 0x60,0x64 irq 1,12
[    2.465116] serio: i8042 KBD port at 0x60,0x64 irq 1
[    2.471844] serio: i8042 AUX port at 0x60,0x64 irq 12
[    2.478999] mousedev: PS/2 mouse device common for all mice
[    2.488761] input: AT Translated Set 2 keyboard as /devices/platform/i8042/serio0/input/input2
[    2.505258] rtc_cmos rtc_cmos: rtc core: registered rtc_cmos as rtc0
[    2.515895] rtc_cmos rtc_cmos: alarms up to one day, 114 bytes nvram
[    2.523865] i2c /dev entries driver
[    2.527778] device-mapper: uevent: version 1.0.3
[    2.536856] device-mapper: ioctl: 4.37.0-ioctl (2017-09-20) initialised: dm-devel@redhat.com
[    2.623534] ledtrig-cpu: registered to indicate activity on CPUs
[    2.639768] NET: Registered protocol family 10
[    2.669379] Segment Routing with IPv6
[    2.674825] NET: Registered protocol family 17
[    2.681310] Key type dns_resolver registered
[    2.687409] mce: Using 0 MCE banks
[    2.691390] RAS: Correctable Errors collector initialized.
[    2.698417] sched_clock: Marking stable (2698322802, 0)->(3797154167, -1098831365)
[    2.718296] registered taskstats version 1
[    2.723280] Loading compiled-in X.509 certificates
[    2.739551] Loaded X.509 cert 'Build time autogenerated kernel key: b5b26778eaa3ab3a4a6cee031137706e947d12ad'
[    2.755725] Loaded X.509 cert 'Canonical Ltd. Live Patch Signing: 14df34d1a87cf37625abec039ef2bf521249b969'
[    2.769449] Loaded X.509 cert 'Canonical Ltd. Kernel Module Signing: 88f752e560a1e0737e31163a466ad7b70a850c19'
[    2.781911] blacklist: Loading compiled-in revocation X.509 certificates
[    2.791109] Loaded X.509 cert 'Canonical Ltd. Secure Boot Signing: 61482aa2830d0ab2ad5af10b7250da9033ddcef0'
[    2.804621] Loaded X.509 cert 'Canonical Ltd. Secure Boot Signing (2017): 242ade75ac4a15e50d50c84b0d45ff3eae707a03'
[    2.817196] Loaded X.509 cert 'Canonical Ltd. Secure Boot Signing (ESM 2018): 365188c1d374d6b07c3c8f240f8ef722433d6a8b'
[    2.831060] Loaded X.509 cert 'Canonical Ltd. Secure Boot Signing (2019): c0746fd6c5da3ae827864651ad66ae47fe24b3e8'
[    2.845617] Loaded X.509 cert 'Canonical Ltd. Secure Boot Signing (2021 v1): a8d54bbb3825cfb94fa13c9f8a594a195c107b8d'
[    2.860519] Loaded X.509 cert 'Canonical Ltd. Secure Boot Signing (2021 v2): 4cf046892d6fd3c9a5b03f98d845f90851dc6a8c'
[    2.876357] Loaded X.509 cert 'Canonical Ltd. Secure Boot Signing (2021 v3): 100437bb6de6e469b581e61cd66bce3ef4ed53af'
[    2.893308] Loaded X.509 cert 'Canonical Ltd. Secure Boot Signing (Ubuntu Core 2019): c1d57b8f6b743f23ee41f4f7ee292f06eecadfb9'
[    2.908091] zswap: loaded using pool lzo/zbud
[    2.939134] Key type big_key registered
[    2.944385] Key type trusted registered
[    2.957413] Key type encrypted registered
[    2.963362] AppArmor: AppArmor sha1 policy hashing enabled
[    2.970678] ima: No TPM chip found, activating TPM-bypass! (rc=-19)
[    2.978742] ima: Allocated hash algorithm: sha1
[    2.984737] evm: HMAC attrs: 0x1
[    2.991313]   Magic number: 4:800:910
[    2.998026] rtc_cmos rtc_cmos: setting system clock to 2024-08-12 00:55:11 UTC (1723424111)
[    3.006547] BIOS EDD facility v0.16 2004-Jun-25, 0 devices found
[    3.011404] EDD information not available.
[    3.033771] Freeing unused kernel image memory: 2480K
[    3.056482] Write protecting the kernel read-only data: 20480k
[    3.066781] Freeing unused kernel image memory: 2008K
[    3.075568] Freeing unused kernel image memory: 1820K
[    3.092635] x86/mm: Checked W+X mappings: passed, no W+X pages found.
Loading, please wait...
starting version 237
[    3.324535] Fusion MPT base driver 3.04.20
[    3.328784] Copyright (c) 1999-2008 LSI Corporation
[    3.344903] e1000: Intel(R) PRO/1000 Network Driver - version 7.3.21-k8-NAPI
[    3.356903] e1000: Copyright (c) 1999-2006 Intel Corporation.
[    3.428143] SSE version of gcm_enc/dec engaged.
[    3.440818] Fusion MPT SPI Host driver 3.04.20
[    4.252704] input: ImExPS/2 Generic Explorer Mouse as /devices/platform/i8042/serio1/input/input4
[    4.301172] e1000 0000:00:03.0 eth0: (PCI:33MHz:32-bit) 02:3b:7b:b7:3b:2d
[    4.310980] e1000 0000:00:03.0 eth0: Intel(R) PRO/1000 Network Connection
[    5.446145] e1000 0000:00:08.0 eth1: (PCI:33MHz:32-bit) 08:00:27:f5:cb:6e
[    5.455568] e1000 0000:00:08.0 eth1: Intel(R) PRO/1000 Network Connection
[    5.469632] mptbase: ioc0: Initiating bringup
[    5.471188] e1000 0000:00:08.0 enp0s8: renamed from eth1
[    5.497854] e1000 0000:00:03.0 enp0s3: renamed from eth0
